<?xml version="1.0" encoding="UTF-8"?>
<testng-results ignored="0" total="1" passed="0" failed="1" skipped="0">
  <reporter-output>
  </reporter-output>
  <suite started-at="2024-07-23T13:16:58 IST" name="Harmonic Regression Suite" finished-at="2024-07-23T13:17:36 IST" duration-ms="37867">
    <groups>
    </groups>
    <test started-at="2024-07-23T13:16:58 IST" name="Harmonic Regression Test" finished-at="2024-07-23T13:17:36 IST" duration-ms="37867">
      <class name="com.framework.apiautomation.test.VOS360_MRR_BulkInvoice">
        <test-method signature="bulkInvoice_Generation_VOS360MRR()[pri:0, instance:com.framework.apiautomation.test.VOS360_MRR_BulkInvoice@1de5f259]" started-at="2024-07-23T13:16:58 IST" name="bulkInvoice_Generation_VOS360MRR" finished-at="2024-07-23T13:17:36 IST" duration-ms="37621" status="FAIL">
          <exception class="java.lang.Error">
            <message>
              <![CDATA[Unresolved compilation problems: 
The type java.time.Duration cannot be resolved. It is indirectly referenced from required type org.openqa.selenium.interactions.Actions
The import java.time.Duration cannot be resolved
Duration cannot be resolved
Duration cannot be resolved
Duration cannot be resolved
Duration cannot be resolved
Duration cannot be resolved
Duration cannot be resolved
Duration cannot be resolved
Duration cannot be resolved
]]>
            </message>
            <full-stacktrace>
              <![CDATA[java.lang.Error: Unresolved compilation problems: 
The type java.time.Duration cannot be resolved. It is indirectly referenced from required type org.openqa.selenium.interactions.Actions
The import java.time.Duration cannot be resolved
Duration cannot be resolved
Duration cannot be resolved
Duration cannot be resolved
Duration cannot be resolved
Duration cannot be resolved
Duration cannot be resolved
Duration cannot be resolved
Duration cannot be resolved

at com.Forsys.ui.actions.Waits.<init>(Waits.java:1)
at com.Forsys.utils.Pom.BulkInvoice.<init>(BulkInvoice.java:257)
at com.framework.apiautomation.test.VOS360_MRR_BulkInvoice.bulkInvoice_Generation_VOS360MRR(VOS360_MRR_BulkInvoice.java:79)
at java.base/jdk.internal.reflect.NativeMethodAccessorImpl.invoke0(Native Method)
at java.base/jdk.internal.reflect.NativeMethodAccessorImpl.invoke(NativeMethodAccessorImpl.java:77)
at java.base/jdk.internal.reflect.DelegatingMethodAccessorImpl.invoke(DelegatingMethodAccessorImpl.java:43)
at java.base/java.lang.reflect.Method.invoke(Method.java:568)
at org.testng.internal.MethodInvocationHelper.invokeMethod(MethodInvocationHelper.java:133)
at org.testng.internal.TestInvoker.invokeMethod(TestInvoker.java:598)
at org.testng.internal.TestInvoker.invokeTestMethod(TestInvoker.java:173)
at org.testng.internal.MethodRunner.runInSequence(MethodRunner.java:46)
at org.testng.internal.TestInvoker$MethodInvocationAgent.invoke(TestInvoker.java:824)
at org.testng.internal.TestInvoker.invokeTestMethods(TestInvoker.java:146)
at org.testng.internal.TestMethodWorker.invokeTestMethods(TestMethodWorker.java:146)
at org.testng.internal.TestMethodWorker.run(TestMethodWorker.java:128)
at java.base/java.util.concurrent.ThreadPoolExecutor.runWorker(ThreadPoolExecutor.java:1136)
at java.base/java.util.concurrent.ThreadPoolExecutor$Worker.run(ThreadPoolExecutor.java:635)
at java.base/java.lang.Thread.run(Thread.java:840)
]]>
            </full-stacktrace>
          </exception> <!-- java.lang.Error -->
          <reporter-output>
          </reporter-output>
        </test-method> <!-- bulkInvoice_Generation_VOS360MRR -->
      </class> <!-- com.framework.apiautomation.test.VOS360_MRR_BulkInvoice -->
    </test> <!-- Harmonic Regression Test -->
  </suite> <!-- Harmonic Regression Suite -->
</testng-results>
